This is pdfTeX, Version 3.141592653-2.6-1.40.25 (MiKTeX 24.1) (preloaded format=pdflatex 2025.9.15)  28 SEP 2025 01:14
entering extended mode
 restricted \write18 enabled.
 %&-line parsing enabled.
**c:/Users/GEROG/OneDrive/Documentos/Aulas/Aula_04___Manipulação_de_Arquivos/slides.tex
(c:/Users/GEROG/OneDrive/Documentos/Aulas/Aula_04___Manipulação_de_Arquivos/slides.tex
LaTeX2e <2023-11-01> patch level 1
L3 programming layer <2024-01-04>
(C:\Users\GEROG\AppData\Local\Programs\MiKTeX\tex/latex/beamer\beamer.cls
Document Class: beamer 2025/08/13 v3.76 A class for typesetting presentations
(C:\Users\GEROG\AppData\Local\Programs\MiKTeX\tex/latex/beamer\beamerbasemodes.sty (C:\Users\GEROG\AppData\Local\Programs\MiKTeX\tex/latex/etoolbox\etoolbox.sty
Package: etoolbox 2020/10/05 v2.5k e-TeX tools for LaTeX (JAW)
\etb@tempcnta=\count187
)
\beamer@tempbox=\box51
\beamer@tempcount=\count188
\c@beamerpauses=\count189
 (C:\Users\GEROG\AppData\Local\Programs\MiKTeX\tex/latex/beamer\beamerbasedecode.sty
\beamer@slideinframe=\count190
\beamer@minimum=\count191
\beamer@decode@box=\box52
)
\beamer@commentbox=\box53
\beamer@modecount=\count192
) (C:\Users\GEROG\AppData\Local\Programs\MiKTeX\tex/generic/iftex\iftex.sty
Package: iftex 2022/02/03 v1.0f TeX engine tests
)
\headdp=\dimen140
\footheight=\dimen141
\sidebarheight=\dimen142
\beamer@tempdim=\dimen143
\beamer@finalheight=\dimen144
\beamer@animht=\dimen145
\beamer@animdp=\dimen146
\beamer@animwd=\dimen147
\beamer@leftmargin=\dimen148
\beamer@rightmargin=\dimen149
\beamer@leftsidebar=\dimen150
\beamer@rightsidebar=\dimen151
\beamer@boxsize=\dimen152
\beamer@vboxoffset=\dimen153
\beamer@descdefault=\dimen154
\beamer@descriptionwidth=\dimen155
\beamer@lastskip=\skip48
\beamer@areabox=\box54
\beamer@animcurrent=\box55
\beamer@animshowbox=\box56
\beamer@sectionbox=\box57
\beamer@logobox=\box58
\beamer@linebox=\box59
\beamer@sectioncount=\count193
\beamer@subsubsectionmax=\count194
\beamer@subsectionmax=\count195
\beamer@sectionmax=\count196
\beamer@totalheads=\count197
\beamer@headcounter=\count198
\beamer@partstartpage=\count199
\beamer@sectionstartpage=\count266
\beamer@subsectionstartpage=\count267
\beamer@animationtempa=\count268
\beamer@animationtempb=\count269
\beamer@xpos=\count270
\beamer@ypos=\count271
\beamer@ypos@offset=\count272
\beamer@showpartnumber=\count273
\beamer@currentsubsection=\count274
\beamer@coveringdepth=\count275
\beamer@sectionadjust=\count276
\beamer@toclastsection=\count277
\beamer@tocsectionnumber=\count278
 (C:\Users\GEROG\AppData\Local\Programs\MiKTeX\tex/latex/beamer\beamerbaseoptions.sty (C:\Users\GEROG\AppData\Local\Programs\MiKTeX\tex/latex/graphics\keyval.sty
Package: keyval 2022/05/29 v1.15 key=value parser (DPC)
\KV@toks@=\toks17
))
\beamer@paperwidth=\skip49
\beamer@paperheight=\skip50
 (C:\Users\GEROG\AppData\Local\Programs\MiKTeX\tex/latex/geometry\geometry.sty
Package: geometry 2020/01/02 v5.9 Page Geometry
 (C:\Users\GEROG\AppData\Local\Programs\MiKTeX\tex/generic/iftex\ifvtex.sty
Package: ifvtex 2019/10/25 v1.7 ifvtex legacy package. Use iftex instead.
)
\Gm@cnth=\count279
\Gm@cntv=\count280
\c@Gm@tempcnt=\count281
\Gm@bindingoffset=\dimen156
\Gm@wd@mp=\dimen157
\Gm@odd@mp=\dimen158
\Gm@even@mp=\dimen159
\Gm@layoutwidth=\dimen160
\Gm@layoutheight=\dimen161
\Gm@layouthoffset=\dimen162
\Gm@layoutvoffset=\dimen163
\Gm@dimlist=\toks18
 (C:\Users\GEROG\AppData\Local\Programs\MiKTeX\tex/latex/geometry\geometry.cfg)) (C:\Users\GEROG\AppData\Local\Programs\MiKTeX\tex/latex/pgf/math\pgfmath.sty (C:\Users\GEROG\AppData\Local\Programs\MiKTeX\tex/latex/pgf/utilities\pgfrcs.sty (C:\Users\GEROG\AppData\Local\Programs\MiKTeX\tex/generic/pgf/utilities\pgfutil-common.tex
\pgfutil@everybye=\toks19
\pgfutil@tempdima=\dimen164
\pgfutil@tempdimb=\dimen165
) (C:\Users\GEROG\AppData\Local\Programs\MiKTeX\tex/generic/pgf/utilities\pgfutil-latex.def
\pgfutil@abb=\box60
) (C:\Users\GEROG\AppData\Local\Programs\MiKTeX\tex/generic/pgf/utilities\pgfrcs.code.tex (C:\Users\GEROG\AppData\Local\Programs\MiKTeX\tex/generic/pgf\pgf.revision.tex)
Package: pgfrcs 2023-01-15 v3.1.10 (3.1.10)
)) (C:\Users\GEROG\AppData\Local\Programs\MiKTeX\tex/latex/pgf/utilities\pgfkeys.sty (C:\Users\GEROG\AppData\Local\Programs\MiKTeX\tex/generic/pgf/utilities\pgfkeys.code.tex
\pgfkeys@pathtoks=\toks20
\pgfkeys@temptoks=\toks21
 (C:\Users\GEROG\AppData\Local\Programs\MiKTeX\tex/generic/pgf/utilities\pgfkeyslibraryfiltered.code.tex
\pgfkeys@tmptoks=\toks22
))) (C:\Users\GEROG\AppData\Local\Programs\MiKTeX\tex/generic/pgf/math\pgfmath.code.tex (C:\Users\GEROG\AppData\Local\Programs\MiKTeX\tex/generic/pgf/math\pgfmathutil.code.tex
\pgf@x=\dimen166
\pgf@xa=\dimen167
\pgf@xb=\dimen168
\pgf@xc=\dimen169
\pgf@y=\dimen170
\pgf@ya=\dimen171
\pgf@yb=\dimen172
\pgf@yc=\dimen173
\c@pgf@counta=\count282
\c@pgf@countb=\count283
\c@pgf@countc=\count284
\c@pgf@countd=\count285
) (C:\Users\GEROG\AppData\Local\Programs\MiKTeX\tex/generic/pgf/math\pgfmathparser.code.tex
\pgfmath@dimen=\dimen174
\pgfmath@count=\count286
\pgfmath@box=\box61
\pgfmath@toks=\toks23
\pgfmath@stack@operand=\toks24
\pgfmath@stack@operation=\toks25
) (C:\Users\GEROG\AppData\Local\Programs\MiKTeX\tex/generic/pgf/math\pgfmathfunctions.code.tex) (C:\Users\GEROG\AppData\Local\Programs\MiKTeX\tex/generic/pgf/math\pgfmathfunctions.basic.code.tex) (C:\Users\GEROG\AppData\Local\Programs\MiKTeX\tex/generic/pgf/math\pgfmathfunctions.trigonometric.code.tex) (C:\Users\GEROG\AppData\Local\Programs\MiKTeX\tex/generic/pgf/math\pgfmathfunctions.random.code.tex) (C:\Users\GEROG\AppData\Local\Programs\MiKTeX\tex/generic/pgf/math\pgfmathfunctions.comparison.code.tex) (C:\Users\GEROG\AppData\Local\Programs\MiKTeX\tex/generic/pgf/math\pgfmathfunctions.base.code.tex) (C:\Users\GEROG\AppData\Local\Programs\MiKTeX\tex/generic/pgf/math\pgfmathfunctions.round.code.tex) (C:\Users\GEROG\AppData\Local\Programs\MiKTeX\tex/generic/pgf/math\pgfmathfunctions.misc.code.tex) (C:\Users\GEROG\AppData\Local\Programs\MiKTeX\tex/generic/pgf/math\pgfmathfunctions.integerarithmetics.code.tex) (C:\Users\GEROG\AppData\Local\Programs\MiKTeX\tex/generic/pgf/math\pgfmathcalc.code.tex) (C:\Users\GEROG\AppData\Local\Programs\MiKTeX\tex/generic/pgf/math\pgfmathfloat.code.tex
\c@pgfmathroundto@lastzeros=\count287
))) (C:\Users\GEROG\AppData\Local\Programs\MiKTeX\tex/latex/base\size11.clo
File: size11.clo 2023/05/17 v1.4n Standard LaTeX file (size option)
) (C:\Users\GEROG\AppData\Local\Programs\MiKTeX\tex/latex/pgf/basiclayer\pgfcore.sty (C:\Users\GEROG\AppData\Local\Programs\MiKTeX\tex/latex/graphics\graphicx.sty
Package: graphicx 2021/09/16 v1.2d Enhanced LaTeX Graphics (DPC,SPQR)
 (C:\Users\GEROG\AppData\Local\Programs\MiKTeX\tex/latex/graphics\graphics.sty
Package: graphics 2022/03/10 v1.4e Standard LaTeX Graphics (DPC,SPQR)
 (C:\Users\GEROG\AppData\Local\Programs\MiKTeX\tex/latex/graphics\trig.sty
Package: trig 2021/08/11 v1.11 sin cos tan (DPC)
) (C:\Users\GEROG\AppData\Local\Programs\MiKTeX\tex/latex/graphics-cfg\graphics.cfg
File: graphics.cfg 2016/06/04 v1.11 sample graphics configuration
)
Package graphics Info: Driver file: pdftex.def on input line 107.
 (C:\Users\GEROG\AppData\Local\Programs\MiKTeX\tex/latex/graphics-def\pdftex.def
File: pdftex.def 2022/09/22 v1.2b Graphics/color driver for pdftex
))
\Gin@req@height=\dimen175
\Gin@req@width=\dimen176
) (C:\Users\GEROG\AppData\Local\Programs\MiKTeX\tex/latex/pgf/systemlayer\pgfsys.sty (C:\Users\GEROG\AppData\Local\Programs\MiKTeX\tex/generic/pgf/systemlayer\pgfsys.code.tex
Package: pgfsys 2023-01-15 v3.1.10 (3.1.10)
\pgf@x=\dimen177
\pgf@y=\dimen178
\pgf@xa=\dimen179
\pgf@ya=\dimen180
\pgf@xb=\dimen181
\pgf@yb=\dimen182
\pgf@xc=\dimen183
\pgf@yc=\dimen184
\pgf@xd=\dimen185
\pgf@yd=\dimen186
\w@pgf@writea=\write3
\r@pgf@reada=\read2
\c@pgf@counta=\count288
\c@pgf@countb=\count289
\c@pgf@countc=\count290
\c@pgf@countd=\count291
\t@pgf@toka=\toks26
\t@pgf@tokb=\toks27
\t@pgf@tokc=\toks28
\pgf@sys@id@count=\count292
 (C:\Users\GEROG\AppData\Local\Programs\MiKTeX\tex/generic/pgf/systemlayer\pgf.cfg
File: pgf.cfg 2023-01-15 v3.1.10 (3.1.10)
)
Driver file for pgf: pgfsys-pdftex.def
 (C:\Users\GEROG\AppData\Local\Programs\MiKTeX\tex/generic/pgf/systemlayer\pgfsys-pdftex.def
File: pgfsys-pdftex.def 2023-01-15 v3.1.10 (3.1.10)
 (C:\Users\GEROG\AppData\Local\Programs\MiKTeX\tex/generic/pgf/systemlayer\pgfsys-common-pdf.def
File: pgfsys-common-pdf.def 2023-01-15 v3.1.10 (3.1.10)
))) (C:\Users\GEROG\AppData\Local\Programs\MiKTeX\tex/generic/pgf/systemlayer\pgfsyssoftpath.code.tex
File: pgfsyssoftpath.code.tex 2023-01-15 v3.1.10 (3.1.10)
\pgfsyssoftpath@smallbuffer@items=\count293
\pgfsyssoftpath@bigbuffer@items=\count294
) (C:\Users\GEROG\AppData\Local\Programs\MiKTeX\tex/generic/pgf/systemlayer\pgfsysprotocol.code.tex
File: pgfsysprotocol.code.tex 2023-01-15 v3.1.10 (3.1.10)
)) (C:\Users\GEROG\AppData\Local\Programs\MiKTeX\tex/latex/xcolor\xcolor.sty
Package: xcolor 2023/11/15 v3.01 LaTeX color extensions (UK)
 (C:\Users\GEROG\AppData\Local\Programs\MiKTeX\tex/latex/graphics-cfg\color.cfg
File: color.cfg 2016/01/02 v1.6 sample color configuration
)
Package xcolor Info: Driver file: pdftex.def on input line 274.
 (C:\Users\GEROG\AppData\Local\Programs\MiKTeX\tex/latex/graphics\mathcolor.ltx)
Package xcolor Info: Model `cmy' substituted by `cmy0' on input line 1350.
Package xcolor Info: Model `hsb' substituted by `rgb' on input line 1354.
Package xcolor Info: Model `RGB' extended on input line 1366.
Package xcolor Info: Model `HTML' substituted by `rgb' on input line 1368.
Package xcolor Info: Model `Hsb' substituted by `hsb' on input line 1369.
Package xcolor Info: Model `tHsb' substituted by `hsb' on input line 1370.
Package xcolor Info: Model `HSB' substituted by `hsb' on input line 1371.
Package xcolor Info: Model `Gray' substituted by `gray' on input line 1372.
Package xcolor Info: Model `wave' substituted by `hsb' on input line 1373.
) (C:\Users\GEROG\AppData\Local\Programs\MiKTeX\tex/generic/pgf/basiclayer\pgfcore.code.tex
Package: pgfcore 2023-01-15 v3.1.10 (3.1.10)
 (C:\Users\GEROG\AppData\Local\Programs\MiKTeX\tex/generic/pgf/math\pgfint.code.tex) (C:\Users\GEROG\AppData\Local\Programs\MiKTeX\tex/generic/pgf/basiclayer\pgfcorepoints.code.tex
File: pgfcorepoints.code.tex 2023-01-15 v3.1.10 (3.1.10)
\pgf@picminx=\dimen187
\pgf@picmaxx=\dimen188
\pgf@picminy=\dimen189
\pgf@picmaxy=\dimen190
\pgf@pathminx=\dimen191
\pgf@pathmaxx=\dimen192
\pgf@pathminy=\dimen193
\pgf@pathmaxy=\dimen194
\pgf@xx=\dimen195
\pgf@xy=\dimen196
\pgf@yx=\dimen197
\pgf@yy=\dimen198
\pgf@zx=\dimen199
\pgf@zy=\dimen256
) (C:\Users\GEROG\AppData\Local\Programs\MiKTeX\tex/generic/pgf/basiclayer\pgfcorepathconstruct.code.tex
File: pgfcorepathconstruct.code.tex 2023-01-15 v3.1.10 (3.1.10)
\pgf@path@lastx=\dimen257
\pgf@path@lasty=\dimen258
) (C:\Users\GEROG\AppData\Local\Programs\MiKTeX\tex/generic/pgf/basiclayer\pgfcorepathusage.code.tex
File: pgfcorepathusage.code.tex 2023-01-15 v3.1.10 (3.1.10)
\pgf@shorten@end@additional=\dimen259
\pgf@shorten@start@additional=\dimen260
) (C:\Users\GEROG\AppData\Local\Programs\MiKTeX\tex/generic/pgf/basiclayer\pgfcorescopes.code.tex
File: pgfcorescopes.code.tex 2023-01-15 v3.1.10 (3.1.10)
\pgfpic=\box62
\pgf@hbox=\box63
\pgf@layerbox@main=\box64
\pgf@picture@serial@count=\count295
) (C:\Users\GEROG\AppData\Local\Programs\MiKTeX\tex/generic/pgf/basiclayer\pgfcoregraphicstate.code.tex
File: pgfcoregraphicstate.code.tex 2023-01-15 v3.1.10 (3.1.10)
\pgflinewidth=\dimen261
) (C:\Users\GEROG\AppData\Local\Programs\MiKTeX\tex/generic/pgf/basiclayer\pgfcoretransformations.code.tex
File: pgfcoretransformations.code.tex 2023-01-15 v3.1.10 (3.1.10)
\pgf@pt@x=\dimen262
\pgf@pt@y=\dimen263
\pgf@pt@temp=\dimen264
) (C:\Users\GEROG\AppData\Local\Programs\MiKTeX\tex/generic/pgf/basiclayer\pgfcorequick.code.tex
File: pgfcorequick.code.tex 2023-01-15 v3.1.10 (3.1.10)
) (C:\Users\GEROG\AppData\Local\Programs\MiKTeX\tex/generic/pgf/basiclayer\pgfcoreobjects.code.tex
File: pgfcoreobjects.code.tex 2023-01-15 v3.1.10 (3.1.10)
) (C:\Users\GEROG\AppData\Local\Programs\MiKTeX\tex/generic/pgf/basiclayer\pgfcorepathprocessing.code.tex
File: pgfcorepathprocessing.code.tex 2023-01-15 v3.1.10 (3.1.10)
) (C:\Users\GEROG\AppData\Local\Programs\MiKTeX\tex/generic/pgf/basiclayer\pgfcorearrows.code.tex
File: pgfcorearrows.code.tex 2023-01-15 v3.1.10 (3.1.10)
\pgfarrowsep=\dimen265
) (C:\Users\GEROG\AppData\Local\Programs\MiKTeX\tex/generic/pgf/basiclayer\pgfcoreshade.code.tex
File: pgfcoreshade.code.tex 2023-01-15 v3.1.10 (3.1.10)
\pgf@max=\dimen266
\pgf@sys@shading@range@num=\count296
\pgf@shadingcount=\count297
) (C:\Users\GEROG\AppData\Local\Programs\MiKTeX\tex/generic/pgf/basiclayer\pgfcoreimage.code.tex
File: pgfcoreimage.code.tex 2023-01-15 v3.1.10 (3.1.10)
) (C:\Users\GEROG\AppData\Local\Programs\MiKTeX\tex/generic/pgf/basiclayer\pgfcoreexternal.code.tex
File: pgfcoreexternal.code.tex 2023-01-15 v3.1.10 (3.1.10)
\pgfexternal@startupbox=\box65
) (C:\Users\GEROG\AppData\Local\Programs\MiKTeX\tex/generic/pgf/basiclayer\pgfcorelayers.code.tex
File: pgfcorelayers.code.tex 2023-01-15 v3.1.10 (3.1.10)
) (C:\Users\GEROG\AppData\Local\Programs\MiKTeX\tex/generic/pgf/basiclayer\pgfcoretransparency.code.tex
File: pgfcoretransparency.code.tex 2023-01-15 v3.1.10 (3.1.10)
) (C:\Users\GEROG\AppData\Local\Programs\MiKTeX\tex/generic/pgf/basiclayer\pgfcorepatterns.code.tex
File: pgfcorepatterns.code.tex 2023-01-15 v3.1.10 (3.1.10)
) (C:\Users\GEROG\AppData\Local\Programs\MiKTeX\tex/generic/pgf/basiclayer\pgfcorerdf.code.tex
File: pgfcorerdf.code.tex 2023-01-15 v3.1.10 (3.1.10)
))) (C:\Users\GEROG\AppData\Local\Programs\MiKTeX\tex/latex/pgf/utilities\xxcolor.sty
Package: xxcolor 2003/10/24 ver 0.1
\XC@nummixins=\count298
\XC@countmixins=\count299
) (C:\Users\GEROG\AppData\Local\Programs\MiKTeX\tex/latex/base\atbegshi-ltx.sty
Package: atbegshi-ltx 2021/01/10 v1.0c Emulation of the original atbegshi
package with kernel methods
) (C:\Users\GEROG\AppData\Local\Programs\MiKTeX\tex/latex/hyperref\hyperref.sty
Package: hyperref 2023-11-26 v7.01g Hypertext links for LaTeX
 (C:\Users\GEROG\AppData\Local\Programs\MiKTeX\tex/generic/infwarerr\infwarerr.sty
Package: infwarerr 2019/12/03 v1.5 Providing info/warning/error messages (HO)
) (C:\Users\GEROG\AppData\Local\Programs\MiKTeX\tex/latex/kvsetkeys\kvsetkeys.sty
Package: kvsetkeys 2022-10-05 v1.19 Key value parser (HO)
) (C:\Users\GEROG\AppData\Local\Programs\MiKTeX\tex/generic/kvdefinekeys\kvdefinekeys.sty
Package: kvdefinekeys 2019-12-19 v1.6 Define keys (HO)
) (C:\Users\GEROG\AppData\Local\Programs\MiKTeX\tex/generic/pdfescape\pdfescape.sty
Package: pdfescape 2019/12/09 v1.15 Implements pdfTeX's escape features (HO)
 (C:\Users\GEROG\AppData\Local\Programs\MiKTeX\tex/generic/ltxcmds\ltxcmds.sty
Package: ltxcmds 2023-12-04 v1.26 LaTeX kernel commands for general use (HO)
) (C:\Users\GEROG\AppData\Local\Programs\MiKTeX\tex/generic/pdftexcmds\pdftexcmds.sty
Package: pdftexcmds 2020-06-27 v0.33 Utility functions of pdfTeX for LuaTeX (HO)
Package pdftexcmds Info: \pdf@primitive is available.
Package pdftexcmds Info: \pdf@ifprimitive is available.
Package pdftexcmds Info: \pdfdraftmode found.
)) (C:\Users\GEROG\AppData\Local\Programs\MiKTeX\tex/latex/hycolor\hycolor.sty
Package: hycolor 2020-01-27 v1.10 Color options for hyperref/bookmark (HO)
) (C:\Users\GEROG\AppData\Local\Programs\MiKTeX\tex/latex/letltxmacro\letltxmacro.sty
Package: letltxmacro 2019/12/03 v1.6 Let assignment for LaTeX macros (HO)
) (C:\Users\GEROG\AppData\Local\Programs\MiKTeX\tex/latex/auxhook\auxhook.sty
Package: auxhook 2019-12-17 v1.6 Hooks for auxiliary files (HO)
) (C:\Users\GEROG\AppData\Local\Programs\MiKTeX\tex/latex/hyperref\nameref.sty
Package: nameref 2023-11-26 v2.56 Cross-referencing by name of section
 (C:\Users\GEROG\AppData\Local\Programs\MiKTeX\tex/latex/refcount\refcount.sty
Package: refcount 2019/12/15 v3.6 Data extraction from label references (HO)
) (C:\Users\GEROG\AppData\Local\Programs\MiKTeX\tex/generic/gettitlestring\gettitlestring.sty
Package: gettitlestring 2019/12/15 v1.6 Cleanup title references (HO)
 (C:\Users\GEROG\AppData\Local\Programs\MiKTeX\tex/latex/kvoptions\kvoptions.sty
Package: kvoptions 2022-06-15 v3.15 Key value format for package options (HO)
))
\c@section@level=\count300
)
\@linkdim=\dimen267
\Hy@linkcounter=\count301
\Hy@pagecounter=\count302
 (C:\Users\GEROG\AppData\Local\Programs\MiKTeX\tex/latex/hyperref\pd1enc.def
File: pd1enc.def 2023-11-26 v7.01g Hyperref: PDFDocEncoding definition (HO)
Now handling font encoding PD1 ...
... no UTF-8 mapping file for font encoding PD1
) (C:\Users\GEROG\AppData\Local\Programs\MiKTeX\tex/generic/intcalc\intcalc.sty
Package: intcalc 2019/12/15 v1.3 Expandable calculations with integers (HO)
)
\Hy@SavedSpaceFactor=\count303
 (C:\Users\GEROG\AppData\Local\Programs\MiKTeX\tex/latex/hyperref\puenc.def
File: puenc.def 2023-11-26 v7.01g Hyperref: PDF Unicode definition (HO)
Now handling font encoding PU ...
... no UTF-8 mapping file for font encoding PU
)
Package hyperref Info: Option `bookmarks' set `true' on input line 4064.
Package hyperref Info: Option `bookmarksopen' set `true' on input line 4064.
Package hyperref Info: Option `implicit' set `false' on input line 4064.
Package hyperref Info: Hyper figures OFF on input line 4181.
Package hyperref Info: Link nesting OFF on input line 4186.
Package hyperref Info: Hyper index ON on input line 4189.
Package hyperref Info: Plain pages OFF on input line 4196.
Package hyperref Info: Backreferencing OFF on input line 4201.
Package hyperref Info: Implicit mode OFF; no redefinition of LaTeX internals.
Package hyperref Info: Bookmarks ON on input line 4448.
\c@Hy@tempcnt=\count304
 (C:\Users\GEROG\AppData\Local\Programs\MiKTeX\tex/latex/url\url.sty
\Urlmuskip=\muskip16
Package: url 2013/09/16  ver 3.4  Verb mode for urls, etc.
)
LaTeX Info: Redefining \url on input line 4786.
\XeTeXLinkMargin=\dimen268
 (C:\Users\GEROG\AppData\Local\Programs\MiKTeX\tex/generic/bitset\bitset.sty
Package: bitset 2019/12/09 v1.3 Handle bit-vector datatype (HO)
 (C:\Users\GEROG\AppData\Local\Programs\MiKTeX\tex/generic/bigintcalc\bigintcalc.sty
Package: bigintcalc 2019/12/15 v1.5 Expandable calculations on big integers (HO)
))
\Fld@menulength=\count305
\Field@Width=\dimen269
\Fld@charsize=\dimen270
Package hyperref Info: Hyper figures OFF on input line 6065.
Package hyperref Info: Link nesting OFF on input line 6070.
Package hyperref Info: Hyper index ON on input line 6073.
Package hyperref Info: backreferencing OFF on input line 6080.
Package hyperref Info: Link coloring OFF on input line 6085.
Package hyperref Info: Link coloring with OCG OFF on input line 6090.
Package hyperref Info: PDF/A mode OFF on input line 6095.
\Hy@abspage=\count306


Package hyperref Message: Stopped early.

)
Package hyperref Info: Driver (autodetected): hpdftex.
 (C:\Users\GEROG\AppData\Local\Programs\MiKTeX\tex/latex/hyperref\hpdftex.def
File: hpdftex.def 2023-11-26 v7.01g Hyperref driver for pdfTeX
 (C:\Users\GEROG\AppData\Local\Programs\MiKTeX\tex/latex/base\atveryend-ltx.sty
Package: atveryend-ltx 2020/08/19 v1.0a Emulation of the original atveryend package
with kernel methods
)
\Fld@listcount=\count307
\c@bookmark@seq@number=\count308
 (C:\Users\GEROG\AppData\Local\Programs\MiKTeX\tex/latex/rerunfilecheck\rerunfilecheck.sty
Package: rerunfilecheck 2025-06-21 v1.11 Rerun checks for auxiliary files (HO)
 (C:\Users\GEROG\AppData\Local\Programs\MiKTeX\tex/generic/uniquecounter\uniquecounter.sty
Package: uniquecounter 2019/12/15 v1.4 Provide unlimited unique counter (HO)
)
Package uniquecounter Info: New unique counter `rerunfilecheck' on input line 284.
)) (C:\Users\GEROG\AppData\Local\Programs\MiKTeX\tex/latex/beamer\beamerbaserequires.sty (C:\Users\GEROG\AppData\Local\Programs\MiKTeX\tex/latex/beamer\beamerbasecompatibility.sty) (C:\Users\GEROG\AppData\Local\Programs\MiKTeX\tex/latex/beamer\beamerbasefont.sty (C:\Users\GEROG\AppData\Local\Programs\MiKTeX\tex/latex/amsfonts\amssymb.sty
Package: amssymb 2013/01/14 v3.01 AMS font symbols
 (C:\Users\GEROG\AppData\Local\Programs\MiKTeX\tex/latex/amsfonts\amsfonts.sty
Package: amsfonts 2013/01/14 v3.01 Basic AMSFonts support
\@emptytoks=\toks29
\symAMSa=\mathgroup4
\symAMSb=\mathgroup5
LaTeX Font Info:    Redeclaring math symbol \hbar on input line 98.
LaTeX Font Info:    Overwriting math alphabet `\mathfrak' in version `bold'
(Font)                  U/euf/m/n --> U/euf/b/n on input line 106.
)) (C:\Users\GEROG\AppData\Local\Programs\MiKTeX\tex/latex/sansmathaccent\sansmathaccent.sty
Package: sansmathaccent 2020/01/31
 (C:\Users\GEROG\AppData\Local\Programs\MiKTeX\tex/latex/koma-script\scrlfile.sty
Package: scrlfile 2025/09/09 v3.48 KOMA-Script package (file load hooks)
 (C:\Users\GEROG\AppData\Local\Programs\MiKTeX\tex/latex/koma-script\scrlfile-hook.sty
Package: scrlfile-hook 2025/09/09 v3.48 KOMA-Script package (using LaTeX hooks)
 (C:\Users\GEROG\AppData\Local\Programs\MiKTeX\tex/latex/koma-script\scrlogo.sty
Package: scrlogo 2025/09/09 v3.48 KOMA-Script package (logo)
))))) (C:\Users\GEROG\AppData\Local\Programs\MiKTeX\tex/latex/beamer\beamerbasetranslator.sty (C:\Users\GEROG\AppData\Local\Programs\MiKTeX\tex/latex/translator\translator.sty
Package: translator 2021-05-31 v1.12d Easy translation of strings in LaTeX
)) (C:\Users\GEROG\AppData\Local\Programs\MiKTeX\tex/latex/beamer\beamerbasemisc.sty) (C:\Users\GEROG\AppData\Local\Programs\MiKTeX\tex/latex/beamer\beamerbasetwoscreens.sty) (C:\Users\GEROG\AppData\Local\Programs\MiKTeX\tex/latex/beamer\beamerbaseoverlay.sty
\beamer@argscount=\count309
\beamer@lastskipcover=\skip51
\beamer@trivlistdepth=\count310
) (C:\Users\GEROG\AppData\Local\Programs\MiKTeX\tex/latex/beamer\beamerbasetitle.sty) (C:\Users\GEROG\AppData\Local\Programs\MiKTeX\tex/latex/beamer\beamerbasesection.sty
\c@lecture=\count311
\c@part=\count312
\c@section=\count313
\c@subsection=\count314
\c@subsubsection=\count315
) (C:\Users\GEROG\AppData\Local\Programs\MiKTeX\tex/latex/beamer\beamerbaseframe.sty
\beamer@framebox=\box66
\beamer@frametitlebox=\box67
\beamer@zoombox=\box68
\beamer@zoomcount=\count316
\beamer@zoomframecount=\count317
\beamer@frametextheight=\dimen271
\c@subsectionslide=\count318
\beamer@frametopskip=\skip52
\beamer@framebottomskip=\skip53
\beamer@frametopskipautobreak=\skip54
\beamer@framebottomskipautobreak=\skip55
\beamer@envbody=\toks30
\framewidth=\dimen272
\c@framenumber=\count319
) (C:\Users\GEROG\AppData\Local\Programs\MiKTeX\tex/latex/beamer\beamerbaseverbatim.sty
\beamer@verbatimfileout=\write4
) (C:\Users\GEROG\AppData\Local\Programs\MiKTeX\tex/latex/beamer\beamerbaseframesize.sty
\beamer@splitbox=\box69
\beamer@autobreakcount=\count320
\beamer@autobreaklastheight=\dimen273
\beamer@frametitletoks=\toks31
\beamer@framesubtitletoks=\toks32
) (C:\Users\GEROG\AppData\Local\Programs\MiKTeX\tex/latex/beamer\beamerbaseframecomponents.sty
\beamer@colheight=\skip56
\beamer@footins=\box70
) (C:\Users\GEROG\AppData\Local\Programs\MiKTeX\tex/latex/beamer\beamerbasecolor.sty) (C:\Users\GEROG\AppData\Local\Programs\MiKTeX\tex/latex/beamer\beamerbasenotes.sty
\beamer@frameboxcopy=\box71
) (C:\Users\GEROG\AppData\Local\Programs\MiKTeX\tex/latex/beamer\beamerbasetoc.sty) (C:\Users\GEROG\AppData\Local\Programs\MiKTeX\tex/latex/beamer\beamerbasetemplates.sty
\beamer@sbttoks=\toks33
 (C:\Users\GEROG\AppData\Local\Programs\MiKTeX\tex/latex/beamer\beamerbaseauxtemplates.sty (C:\Users\GEROG\AppData\Local\Programs\MiKTeX\tex/latex/beamer\beamerbaseboxes.sty
\bmb@box=\box72
\bmb@colorbox=\box73
\bmb@boxwidth=\dimen274
\bmb@boxheight=\dimen275
\bmb@prevheight=\dimen276
\bmb@temp=\dimen277
\bmb@dima=\dimen278
\bmb@dimb=\dimen279
\bmb@prevheight=\dimen280
)
\beamer@blockheadheight=\dimen281
)) (C:\Users\GEROG\AppData\Local\Programs\MiKTeX\tex/latex/beamer\beamerbaselocalstructure.sty (C:\Users\GEROG\AppData\Local\Programs\MiKTeX\tex/latex/tools\enumerate.sty
Package: enumerate 2023/07/04 v3.00 enumerate extensions (DPC)
\@enLab=\toks34
)
\beamer@bibiconwidth=\skip57
\c@figure=\count321
\c@table=\count322
\abovecaptionskip=\skip58
\belowcaptionskip=\skip59
) (C:\Users\GEROG\AppData\Local\Programs\MiKTeX\tex/latex/beamer\beamerbasenavigation.sty (C:\Users\GEROG\AppData\Local\Programs\MiKTeX\tex/latex/beamer\beamerbasenavigationsymbols.tex)
\beamer@section@min@dim=\dimen282
) (C:\Users\GEROG\AppData\Local\Programs\MiKTeX\tex/latex/beamer\beamerbasetheorems.sty (C:\Users\GEROG\AppData\Local\Programs\MiKTeX\tex/latex/amsmath\amsmath.sty
Package: amsmath 2023/05/13 v2.17o AMS math features
\@mathmargin=\skip60

For additional information on amsmath, use the `?' option.
(C:\Users\GEROG\AppData\Local\Programs\MiKTeX\tex/latex/amsmath\amstext.sty
Package: amstext 2021/08/26 v2.01 AMS text
 (C:\Users\GEROG\AppData\Local\Programs\MiKTeX\tex/latex/amsmath\amsgen.sty
File: amsgen.sty 1999/11/30 v2.0 generic functions
\@emptytoks=\toks35
\ex@=\dimen283
)) (C:\Users\GEROG\AppData\Local\Programs\MiKTeX\tex/latex/amsmath\amsbsy.sty
Package: amsbsy 1999/11/29 v1.2d Bold Symbols
\pmbraise@=\dimen284
) (C:\Users\GEROG\AppData\Local\Programs\MiKTeX\tex/latex/amsmath\amsopn.sty
Package: amsopn 2022/04/08 v2.04 operator names
)
\inf@bad=\count323
LaTeX Info: Redefining \frac on input line 234.
\uproot@=\count324
\leftroot@=\count325
LaTeX Info: Redefining \overline on input line 399.
LaTeX Info: Redefining \colon on input line 410.
\classnum@=\count326
\DOTSCASE@=\count327
LaTeX Info: Redefining \ldots on input line 496.
LaTeX Info: Redefining \dots on input line 499.
LaTeX Info: Redefining \cdots on input line 620.
\Mathstrutbox@=\box74
\strutbox@=\box75
LaTeX Info: Redefining \big on input line 722.
LaTeX Info: Redefining \Big on input line 723.
LaTeX Info: Redefining \bigg on input line 724.
LaTeX Info: Redefining \Bigg on input line 725.
\big@size=\dimen285
LaTeX Font Info:    Redeclaring font encoding OML on input line 743.
LaTeX Font Info:    Redeclaring font encoding OMS on input line 744.
\macc@depth=\count328
LaTeX Info: Redefining \bmod on input line 905.
LaTeX Info: Redefining \pmod on input line 910.
LaTeX Info: Redefining \smash on input line 940.
LaTeX Info: Redefining \relbar on input line 970.
LaTeX Info: Redefining \Relbar on input line 971.
\c@MaxMatrixCols=\count329
\dotsspace@=\muskip17
\c@parentequation=\count330
\dspbrk@lvl=\count331
\tag@help=\toks36
\row@=\count332
\column@=\count333
\maxfields@=\count334
\andhelp@=\toks37
\eqnshift@=\dimen286
\alignsep@=\dimen287
\tagshift@=\dimen288
\tagwidth@=\dimen289
\totwidth@=\dimen290
\lineht@=\dimen291
\@envbody=\toks38
\multlinegap=\skip61
\multlinetaggap=\skip62
\mathdisplay@stack=\toks39
LaTeX Info: Redefining \[ on input line 2953.
LaTeX Info: Redefining \] on input line 2954.
) (C:\Users\GEROG\AppData\Local\Programs\MiKTeX\tex/latex/amscls\amsthm.sty
Package: amsthm 2020/05/29 v2.20.6
\thm@style=\toks40
\thm@bodyfont=\toks41
\thm@headfont=\toks42
\thm@notefont=\toks43
\thm@headpunct=\toks44
\thm@preskip=\skip63
\thm@postskip=\skip64
\thm@headsep=\skip65
\dth@everypar=\toks45
)
\c@theorem=\count335
) (C:\Users\GEROG\AppData\Local\Programs\MiKTeX\tex/latex/beamer\beamerbasethemes.sty)) (C:\Users\GEROG\AppData\Local\Programs\MiKTeX\tex/latex/beamer\beamerthemedefault.sty (C:\Users\GEROG\AppData\Local\Programs\MiKTeX\tex/latex/beamer\beamerfontthemedefault.sty) (C:\Users\GEROG\AppData\Local\Programs\MiKTeX\tex/latex/beamer\beamercolorthemedefault.sty) (C:\Users\GEROG\AppData\Local\Programs\MiKTeX\tex/latex/beamer\beamerinnerthemedefault.sty
\beamer@dima=\dimen292
\beamer@dimb=\dimen293
) (C:\Users\GEROG\AppData\Local\Programs\MiKTeX\tex/latex/beamer\beamerouterthemedefault.sty))) (C:\Users\GEROG\AppData\Local\Programs\MiKTeX\tex/generic/babel\babel.sty
Package: babel 2024/01/07 v24.1 The Babel package
\babel@savecnt=\count336
\U@D=\dimen294
\l@unhyphenated=\language79
 (C:\Users\GEROG\AppData\Local\Programs\MiKTeX\tex/generic/babel\txtbabel.def)
\bbl@readstream=\read3
LaTeX Info: Redefining \textlatin on input line 3986.
\bbl@dirlevel=\count337

*************************************
* Local config file bblopts.cfg used
*
(C:\Users\GEROG\AppData\Local\Programs\MiKTeX\tex/latex/arabi\bblopts.cfg
File: bblopts.cfg 2005/09/08 v0.1 add Arabic and Farsi to "declared" options of babel
) (C:\Users\GEROG\AppData\Local\Programs\MiKTeX\tex/latex/babel-portuges\portuges.ldf
Language: portuges 2021/07/09 v1.2t Portuguese support from the babel system
Package babel Info: Making " an active character on input line 143.
)) (C:\Users\GEROG\AppData\Local\Programs\MiKTeX\tex/latex/base\inputenc.sty
Package: inputenc 2021/02/14 v1.3d Input encoding file
\inpenc@prehook=\toks46
\inpenc@posthook=\toks47
) (C:\Users\GEROG\AppData\Local\Programs\MiKTeX\tex/latex/abntex2\abntex2cite.sty
Package: abntex2cite 2018/11/24 v-1.9.7 abnTeX2
 (C:\Users\GEROG\AppData\Local\Programs\MiKTeX\tex/latex/base\ifthen.sty
Package: ifthen 2022/04/13 v1.1d Standard LaTeX ifthen package (DPC)
) (C:\Users\GEROG\AppData\Local\Programs\MiKTeX\tex/latex/tools\calc.sty
Package: calc 2023/07/08 v4.3 Infix arithmetic (KKT,FJ)
\calc@Acount=\count338
\calc@Bcount=\count339
\calc@Adimen=\dimen295
\calc@Bdimen=\dimen296
\calc@Askip=\skip66
\calc@Bskip=\skip67
LaTeX Info: Redefining \setlength on input line 80.
LaTeX Info: Redefining \addtolength on input line 81.
\calc@Ccount=\count340
\calc@Cskip=\skip68
) (C:\Users\GEROG\AppData\Local\Programs\MiKTeX\tex/latex/abntex2\abntex2abrev.sty) (C:\Users\GEROG\AppData\Local\Programs\MiKTeX\tex/latex/setspace\setspace.sty
Package: setspace 2022/12/04 v6.7b set line spacing
)
\bibindent=\skip69
\minimumbiblabelwidth=\skip70
\ABCIauxlen=\skip71
\c@ABCIaux=\count341
\c@ABCImax=\count342
 (C:\Users\GEROG\AppData\Local\Programs\MiKTeX\tex/generic/iftex\ifpdf.sty
Package: ifpdf 2019/10/25 v3.4 ifpdf legacy package. Use iftex instead.
) (C:\Users\GEROG\AppData\Local\Programs\MiKTeX\tex/generic/iftex\ifxetex.sty
Package: ifxetex 2019/10/25 v0.7 ifxetex legacy package. Use iftex instead.
) (C:\Users\GEROG\AppData\Local\Programs\MiKTeX\tex/latex/relsize\relsize.sty
Package: relsize 2013/03/29 ver 4.1
)
\biblabelsep=\skip72
LaTeX Info: Redefining \newblock on input line 591.
LaTeX Info: Redefining \cite on input line 618.
\ABCItoken=\toks48
) (C:\Users\GEROG\AppData\Local\Programs\MiKTeX\tex/latex/float\float.sty
Package: float 2001/11/08 v1.3d Float enhancements (AL)
\c@float@type=\count343
\float@exts=\toks49
\float@box=\box76
\@float@everytoks=\toks50
\@floatcapt=\box77
) (C:\Users\GEROG\AppData\Local\Programs\MiKTeX\tex/latex/pgf/utilities\pgfpages.sty
Package: pgfpages 2011/01/05 ver 0.02
\pgf@logicalpages=\count344
\pgf@firstshipout=\count345
\pgf@lastshipout=\count346
\pgf@currentshipout=\count347
\pgf@cpn=\count348
\pgf@shipoutnextto=\count349
\pgfphysicalheight=\dimen297
\pgfphysicalwidth=\dimen298
\pgfpages@shipoutbox=\box78
) (C:\Users\GEROG\AppData\Local\Programs\MiKTeX\tex/latex/tools\verbatim.sty
Package: verbatim 2023-11-06 v1.5v LaTeX2e package for verbatim enhancements
\every@verbatim=\toks51
\verbatim@line=\toks52
\verbatim@in@stream=\read4
) (C:\Users\GEROG\AppData\Local\Programs\MiKTeX\tex/latex/listings\listings.sty
\lst@mode=\count350
\lst@gtempboxa=\box79
\lst@token=\toks53
\lst@length=\count351
\lst@currlwidth=\dimen299
\lst@column=\count352
\lst@pos=\count353
\lst@lostspace=\dimen300
\lst@width=\dimen301
\lst@newlines=\count354
\lst@lineno=\count355
\lst@maxwidth=\dimen302
 (C:\Users\GEROG\AppData\Local\Programs\MiKTeX\tex/latex/listings\lstmisc.sty
File: lstmisc.sty 2023/02/27 1.9 (Carsten Heinz)
\c@lstnumber=\count356
\lst@skipnumbers=\count357
\lst@framebox=\box80
) (C:\Users\GEROG\AppData\Local\Programs\MiKTeX\tex/latex/listings\listings.cfg
File: listings.cfg 2023/02/27 1.9 listings configuration
))
Package: listings 2023/02/27 1.9 (Carsten Heinz)
 (C:\Users\GEROG\AppData\Local\Programs\MiKTeX\tex/latex/ragged2e\ragged2e.sty
Package: ragged2e 2023/06/22 v3.6 ragged2e Package
\CenteringLeftskip=\skip73
\RaggedLeftLeftskip=\skip74
\RaggedRightLeftskip=\skip75
\CenteringRightskip=\skip76
\RaggedLeftRightskip=\skip77
\RaggedRightRightskip=\skip78
\CenteringParfillskip=\skip79
\RaggedLeftParfillskip=\skip80
\RaggedRightParfillskip=\skip81
\JustifyingParfillskip=\skip82
\CenteringParindent=\skip83
\RaggedLeftParindent=\skip84
\RaggedRightParindent=\skip85
\JustifyingParindent=\skip86
) (C:\Users\GEROG\AppData\Local\Programs\MiKTeX\tex/latex/caption\caption.sty
Package: caption 2023/08/05 v3.6o Customizing captions (AR)
 (C:\Users\GEROG\AppData\Local\Programs\MiKTeX\tex/latex/caption\caption3.sty
Package: caption3 2023/07/31 v2.4d caption3 kernel (AR)
\caption@tempdima=\dimen303
\captionmargin=\dimen304
\caption@leftmargin=\dimen305
\caption@rightmargin=\dimen306
\caption@width=\dimen307
\caption@indent=\dimen308
\caption@parindent=\dimen309
\caption@hangindent=\dimen310
Package caption Info: beamer document class detected.
 (C:\Users\GEROG\AppData\Local\Programs\MiKTeX\tex/latex/caption\caption-beamer.sto
File: caption-beamer.sto 2022/01/06 v2.0c Adaption of the caption package to the beamer document classes (AR)
))
\c@caption@flags=\count358
\c@continuedfloat=\count359
Package caption Info: float package is loaded.
Package caption Info: hyperref package is loaded.
Package caption Info: Hyperref support is turned off
(caption)             because hyperref has stopped early.
Package caption Info: listings package is loaded.
) (C:\Users\GEROG\AppData\Local\Programs\MiKTeX\tex/latex/capt-of\capt-of.sty
Package: capt-of 2009/12/29 v0.2 standard captions outside of floats
) (C:\Users\GEROG\AppData\Local\Programs\MiKTeX\tex/latex/beamer\beamerthemeBerlin.sty (C:\Users\GEROG\AppData\Local\Programs\MiKTeX\tex/latex/beamer\beamerouterthememiniframes.sty) (C:\Users\GEROG\AppData\Local\Programs\MiKTeX\tex/latex/beamer\beamercolorthemewhale.sty) (C:\Users\GEROG\AppData\Local\Programs\MiKTeX\tex/latex/beamer\beamercolorthemeorchid.sty) (C:\Users\GEROG\AppData\Local\Programs\MiKTeX\tex/latex/beamer\beamerinnerthemerectangles.sty)) (beamercolorthemeufrn.sty) (C:\Users\GEROG\AppData\Local\Programs\MiKTeX\tex/latex/l3backend\l3backend-pdftex.def
File: l3backend-pdftex.def 2024-01-04 L3 backend support: PDF output (pdfTeX)
\l__color_backend_stack_int=\count360
\l__pdf_internal_box=\box81
) (slides.aux (tex/introducao/introducao.aux))
\openout1 = `slides.aux'.

LaTeX Font Info:    Checking defaults for OML/cmm/m/it on input line 97.
LaTeX Font Info:    ... okay on input line 97.
LaTeX Font Info:    Checking defaults for OMS/cmsy/m/n on input line 97.
LaTeX Font Info:    ... okay on input line 97.
LaTeX Font Info:    Checking defaults for OT1/cmr/m/n on input line 97.
LaTeX Font Info:    ... okay on input line 97.
LaTeX Font Info:    Checking defaults for T1/cmr/m/n on input line 97.
LaTeX Font Info:    ... okay on input line 97.
LaTeX Font Info:    Checking defaults for TS1/cmr/m/n on input line 97.
LaTeX Font Info:    ... okay on input line 97.
LaTeX Font Info:    Checking defaults for OMX/cmex/m/n on input line 97.
LaTeX Font Info:    ... okay on input line 97.
LaTeX Font Info:    Checking defaults for U/cmr/m/n on input line 97.
LaTeX Font Info:    ... okay on input line 97.
LaTeX Font Info:    Checking defaults for PD1/pdf/m/n on input line 97.
LaTeX Font Info:    ... okay on input line 97.
LaTeX Font Info:    Checking defaults for PU/pdf/m/n on input line 97.
LaTeX Font Info:    ... okay on input line 97.

*geometry* driver: auto-detecting
*geometry* detected driver: pdftex
*geometry* verbose mode - [ preamble ] result:
* driver: pdftex
* paper: custom
* layout: <same size as paper>
* layoutoffset:(h,v)=(0.0pt,0.0pt)
* modes: includehead includefoot 
* h-part:(L,W,R)=(28.45274pt, 307.28987pt, 28.45274pt)
* v-part:(T,H,B)=(0.0pt, 273.14662pt, 0.0pt)
* \paperwidth=364.19536pt
* \paperheight=273.14662pt
* \textwidth=307.28987pt
* \textheight=244.6939pt
* \oddsidemargin=-43.81725pt
* \evensidemargin=-43.81725pt
* \topmargin=-72.26999pt
* \headheight=14.22636pt
* \headsep=0.0pt
* \topskip=11.0pt
* \footskip=14.22636pt
* \marginparwidth=4.0pt
* \marginparsep=10.0pt
* \columnsep=10.0pt
* \skip\footins=10.0pt plus 4.0pt minus 2.0pt
* \hoffset=0.0pt
* \voffset=0.0pt
* \mag=1000
* \@twocolumnfalse
* \@twosidefalse
* \@mparswitchfalse
* \@reversemarginfalse
* (1in=72.27pt=25.4mm, 1cm=28.453pt)

(C:\Users\GEROG\AppData\Local\Programs\MiKTeX\tex/context/base/mkii\supp-pdf.mkii
[Loading MPS to PDF converter (version 2006.09.02).]
\scratchcounter=\count361
\scratchdimen=\dimen311
\scratchbox=\box82
\nofMPsegments=\count362
\nofMParguments=\count363
\everyMPshowfont=\toks54
\MPscratchCnt=\count364
\MPscratchDim=\dimen312
\MPnumerator=\count365
\makeMPintoPDFobject=\count366
\everyMPtoPDFconversion=\toks55
) (C:\Users\GEROG\AppData\Local\Programs\MiKTeX\tex/latex/epstopdf-pkg\epstopdf-base.sty
Package: epstopdf-base 2020-01-24 v2.11 Base part for package epstopdf
Package epstopdf-base Info: Redefining graphics rule for `.eps' on input line 485.
 (C:\Users\GEROG\AppData\Local\Programs\MiKTeX\tex/latex/00miktex\epstopdf-sys.cfg
File: epstopdf-sys.cfg 2021/03/18 v2.0 Configuration of epstopdf for MiKTeX
))
Package hyperref Info: Link coloring OFF on input line 97.
 (slides.out) (slides.out)
\@outlinefile=\write5
\openout5 = `slides.out'.

LaTeX Font Info:    Overwriting symbol font `operators' in version `normal'
(Font)                  OT1/cmr/m/n --> OT1/cmss/m/n on input line 97.
LaTeX Font Info:    Overwriting symbol font `operators' in version `bold'
(Font)                  OT1/cmr/bx/n --> OT1/cmss/b/n on input line 97.
\symnumbers=\mathgroup6
\sympureletters=\mathgroup7
LaTeX Font Info:    Overwriting math alphabet `\mathrm' in version `normal'
(Font)                  OT1/cmss/m/n --> OT1/cmr/m/n on input line 97.
LaTeX Font Info:    Redeclaring math alphabet \mathbf on input line 97.
LaTeX Font Info:    Overwriting math alphabet `\mathbf' in version `normal'
(Font)                  OT1/cmr/bx/n --> OT1/cmss/b/n on input line 97.
LaTeX Font Info:    Overwriting math alphabet `\mathbf' in version `bold'
(Font)                  OT1/cmr/bx/n --> OT1/cmss/b/n on input line 97.
LaTeX Font Info:    Redeclaring math alphabet \mathsf on input line 97.
LaTeX Font Info:    Overwriting math alphabet `\mathsf' in version `normal'
(Font)                  OT1/cmss/m/n --> OT1/cmss/m/n on input line 97.
LaTeX Font Info:    Overwriting math alphabet `\mathsf' in version `bold'
(Font)                  OT1/cmss/bx/n --> OT1/cmss/m/n on input line 97.
LaTeX Font Info:    Redeclaring math alphabet \mathit on input line 97.
LaTeX Font Info:    Overwriting math alphabet `\mathit' in version `normal'
(Font)                  OT1/cmr/m/it --> OT1/cmss/m/it on input line 97.
LaTeX Font Info:    Overwriting math alphabet `\mathit' in version `bold'
(Font)                  OT1/cmr/bx/it --> OT1/cmss/m/it on input line 97.
LaTeX Font Info:    Redeclaring math alphabet \mathtt on input line 97.
LaTeX Font Info:    Overwriting math alphabet `\mathtt' in version `normal'
(Font)                  OT1/cmtt/m/n --> OT1/cmtt/m/n on input line 97.
LaTeX Font Info:    Overwriting math alphabet `\mathtt' in version `bold'
(Font)                  OT1/cmtt/m/n --> OT1/cmtt/m/n on input line 97.
LaTeX Font Info:    Overwriting symbol font `numbers' in version `bold'
(Font)                  OT1/cmss/m/n --> OT1/cmss/b/n on input line 97.
LaTeX Font Info:    Overwriting symbol font `pureletters' in version `bold'
(Font)                  OT1/cmss/m/it --> OT1/cmss/b/it on input line 97.
LaTeX Font Info:    Overwriting math alphabet `\mathrm' in version `bold'
(Font)                  OT1/cmss/b/n --> OT1/cmr/b/n on input line 97.
LaTeX Font Info:    Overwriting math alphabet `\mathbf' in version `bold'
(Font)                  OT1/cmss/b/n --> OT1/cmss/b/n on input line 97.
LaTeX Font Info:    Overwriting math alphabet `\mathsf' in version `bold'
(Font)                  OT1/cmss/m/n --> OT1/cmss/b/n on input line 97.
LaTeX Font Info:    Overwriting math alphabet `\mathit' in version `bold'
(Font)                  OT1/cmss/m/it --> OT1/cmss/b/it on input line 97.
LaTeX Font Info:    Overwriting math alphabet `\mathtt' in version `bold'
(Font)                  OT1/cmtt/m/n --> OT1/cmtt/b/n on input line 97.
LaTeX Font Info:    Redeclaring symbol font `pureletters' on input line 97.
LaTeX Font Info:    Overwriting symbol font `pureletters' in version `normal'
(Font)                  OT1/cmss/m/it --> OT1/mathkerncmss/m/sl on input line 97.
LaTeX Font Info:    Overwriting symbol font `pureletters' in version `bold'
(Font)                  OT1/cmss/b/it --> OT1/mathkerncmss/m/sl on input line 97.
LaTeX Font Info:    Overwriting symbol font `pureletters' in version `bold'
(Font)                  OT1/mathkerncmss/m/sl --> OT1/mathkerncmss/bx/sl on input line 97.
 (C:\Users\GEROG\AppData\Local\Programs\MiKTeX\tex/latex/translator\translator-basic-dictionary-English.dict
Dictionary: translator-basic-dictionary, Language: English 
) (C:\Users\GEROG\AppData\Local\Programs\MiKTeX\tex/latex/translator\translator-bibliography-dictionary-English.dict
Dictionary: translator-bibliography-dictionary, Language: English 
) (C:\Users\GEROG\AppData\Local\Programs\MiKTeX\tex/latex/translator\translator-environment-dictionary-English.dict
Dictionary: translator-environment-dictionary, Language: English 
) (C:\Users\GEROG\AppData\Local\Programs\MiKTeX\tex/latex/translator\translator-months-dictionary-English.dict
Dictionary: translator-months-dictionary, Language: English 
) (C:\Users\GEROG\AppData\Local\Programs\MiKTeX\tex/latex/translator\translator-numbers-dictionary-English.dict
Dictionary: translator-numbers-dictionary, Language: English 
) (C:\Users\GEROG\AppData\Local\Programs\MiKTeX\tex/latex/translator\translator-theorem-dictionary-English.dict
Dictionary: translator-theorem-dictionary, Language: English 
)
\c@lstlisting=\count367
Package caption Info: Begin \AtBeginDocument code.
Package caption Info: End \AtBeginDocument code.
 (slides.nav)
Overfull \hbox (2.11945pt too wide) in paragraph at lines 97--97
[][]  
 []


Overfull \hbox (2.11945pt too wide) in paragraph at lines 99--99
[][]  
 []

LaTeX Font Info:    Trying to load font information for U+msa on input line 99.
(C:\Users\GEROG\AppData\Local\Programs\MiKTeX\tex/latex/amsfonts\umsa.fd
File: umsa.fd 2013/01/14 v3.01 AMS symbols A
)
LaTeX Font Info:    Trying to load font information for U+msb on input line 99.
 (C:\Users\GEROG\AppData\Local\Programs\MiKTeX\tex/latex/amsfonts\umsb.fd
File: umsb.fd 2013/01/14 v3.01 AMS symbols B
)
LaTeX Font Info:    Trying to load font information for OT1+mathkerncmss on input line 99.
 (C:\Users\GEROG\AppData\Local\Programs\MiKTeX\tex/latex/sansmathaccent\ot1mathkerncmss.fd
File: ot1mathkerncmss.fd 2020/01/31 Fontinst v1.933 font definitions for OT1/mathkerncmss.
)
Overfull \hbox (2.11945pt too wide) has occurred while \output is active
[][] 
 []

[1{C:/Users/GEROG/AppData/Local/MiKTeX/fonts/map/pdftex/pdftex.map}

 <./figuras/logo_UFERSA.png>]
Overfull \hbox (2.11945pt too wide) in paragraph at lines 103--103
[][]  
 []

(slides.toc)
Overfull \hbox (2.11945pt too wide) has occurred while \output is active
[][] 
 []

[2

]
\openout2 = `tex/introducao/introducao.aux'.

 (tex/introducao/introducao.tex
Overfull \hbox (2.11945pt too wide) in paragraph at lines 7--7
[][]  
 []

<figuras/curious.jpg, id=468, 1027.84pt x 582.175pt>
File: figuras/curious.jpg Graphic file (type jpg)
<use figuras/curious.jpg>
Package pdftex.def Info: figuras/curious.jpg  used on input line 7.
(pdftex.def)             Requested size: 307.28987pt x 174.04979pt.

Overfull \hbox (2.11945pt too wide) has occurred while \output is active
[][] 
 []

[3


 <./figuras/curious.jpg>]
Overfull \hbox (2.11945pt too wide) in paragraph at lines 19--19
[][]  
 []

<figuras/ilust.png, id=591, 578.16pt x 473.1276pt>
File: figuras/ilust.png Graphic file (type png)
<use figuras/ilust.png>
Package pdftex.def Info: figuras/ilust.png  used on input line 19.
(pdftex.def)             Requested size: 215.10196pt x 176.02185pt.

Overfull \vbox (12.2967pt too high) detected at line 19
 []


Overfull \hbox (2.11945pt too wide) has occurred while \output is active
[][] 
 []

[4

 <./figuras/ilust.png>]
Overfull \hbox (2.11945pt too wide) in paragraph at lines 33--33
[][]  
 []

<figuras/arqpro.png, id=716, 1262.7175pt x 427.5975pt>
File: figuras/arqpro.png Graphic file (type png)
<use figuras/arqpro.png>
Package pdftex.def Info: figuras/arqpro.png  used on input line 33.
(pdftex.def)             Requested size: 230.46739pt x 78.04079pt.

Overfull \hbox (2.11945pt too wide) has occurred while \output is active
[][] 
 []

[5

 <./figuras/arqpro.png>]
Overfull \hbox (2.11945pt too wide) in paragraph at lines 47--47
[][]  
 []


Overfull \hbox (2.11945pt too wide) has occurred while \output is active
[][] 
 []

[6

]
Overfull \hbox (2.11945pt too wide) in paragraph at lines 64--64
[][]  
 []


Overfull \hbox (2.11945pt too wide) has occurred while \output is active
[][] 
 []

[7

]
Overfull \hbox (2.11945pt too wide) in paragraph at lines 75--75
[][]  
 []


Overfull \hbox (2.11945pt too wide) has occurred while \output is active
[][] 
 []

[8

]
Overfull \hbox (2.11945pt too wide) in paragraph at lines 90--90
[][]  
 []

<figuras/arqTyp.png, id=1207, 3512.12125pt x 735.74875pt>
File: figuras/arqTyp.png Graphic file (type png)
<use figuras/arqTyp.png>
Package pdftex.def Info: figuras/arqTyp.png  used on input line 90.
(pdftex.def)             Requested size: 307.28987pt x 64.37337pt.

Overfull \hbox (2.11945pt too wide) has occurred while \output is active
[][] 
 []

[9

 <./figuras/arqTyp.png>]
Overfull \hbox (2.11945pt too wide) in paragraph at lines 108--108
[][]  
 []

<figuras/textArq.png, id=1331, 1509.64pt x 322.20375pt>
File: figuras/textArq.png Graphic file (type png)
<use figuras/textArq.png>
Package pdftex.def Info: figuras/textArq.png  used on input line 108.
(pdftex.def)             Requested size: 307.28987pt x 65.58513pt.

Overfull \hbox (2.11945pt too wide) has occurred while \output is active
[][] 
 []

[10

 <./figuras/textArq.png>]
Overfull \hbox (2.11945pt too wide) in paragraph at lines 119--119
[][]  
 []

<figuras/binArq.png, id=1455, 3512.12125pt x 489.83pt>
File: figuras/binArq.png Graphic file (type png)
<use figuras/binArq.png>
Package pdftex.def Info: figuras/binArq.png  used on input line 119.
(pdftex.def)             Requested size: 307.28987pt x 42.85703pt.

Overfull \hbox (2.11945pt too wide) has occurred while \output is active
[][] 
 []

[11

 <./figuras/binArq.png>]
Overfull \hbox (2.11945pt too wide) in paragraph at lines 127--127
[][]  
 []

<figuras/difArq.png, id=1579, 1257.69875pt x 641.39626pt>
File: figuras/difArq.png Graphic file (type png)
<use figuras/difArq.png>
Package pdftex.def Info: figuras/difArq.png  used on input line 127.
(pdftex.def)             Requested size: 307.28987pt x 156.70793pt.

Overfull \hbox (2.11945pt too wide) has occurred while \output is active
[][] 
 []

[12

 <./figuras/difArq.png>]
Overfull \hbox (2.11945pt too wide) in paragraph at lines 137--137
[][]  
 []

<figuras/difArq2.png, id=1703, 2649.9pt x 656.4525pt>
File: figuras/difArq2.png Graphic file (type png)
<use figuras/difArq2.png>
Package pdftex.def Info: figuras/difArq2.png  used on input line 137.
(pdftex.def)             Requested size: 307.28987pt x 76.11649pt.

Overfull \hbox (2.11945pt too wide) has occurred while \output is active
[][] 
 []

[13

 <./figuras/difArq2.png>]
Overfull \hbox (2.11945pt too wide) in paragraph at lines 152--152
[][]  
 []

<figuras/SaidaTela.png, id=1828, 243.91125pt x 25.59563pt>
File: figuras/SaidaTela.png Graphic file (type png)
<use figuras/SaidaTela.png>
Package pdftex.def Info: figuras/SaidaTela.png  used on input line 152.
(pdftex.def)             Requested size: 307.28987pt x 32.24673pt.
<figuras/saidaTela2.png, id=1829, 229.60782pt x 25.59563pt>
File: figuras/saidaTela2.png Graphic file (type png)
<use figuras/saidaTela2.png>
Package pdftex.def Info: figuras/saidaTela2.png  used on input line 152.
(pdftex.def)             Requested size: 307.28987pt x 34.25693pt.

Overfull \hbox (2.11945pt too wide) has occurred while \output is active
[][] 
 []

[14

 <./figuras/SaidaTela.png> <./figuras/saidaTela2.png>]
Overfull \hbox (2.11945pt too wide) in paragraph at lines 162--162
[][]  
 []

<figuras/ArqOpen.png, id=1954, 1157.32375pt x 453.695pt>
File: figuras/ArqOpen.png Graphic file (type png)
<use figuras/ArqOpen.png>
Package pdftex.def Info: figuras/ArqOpen.png  used on input line 162.
(pdftex.def)             Requested size: 307.28987pt x 120.46397pt.

Overfull \hbox (2.11945pt too wide) has occurred while \output is active
[][] 
 []

[15

 <./figuras/ArqOpen.png>]
Overfull \hbox (2.11945pt too wide) in paragraph at lines 193--193
[][]  
 []

LaTeX Font Info:    Font shape `OT1/cmtt/bx/n' in size <10.95> not available
(Font)              Font shape `OT1/cmtt/m/n' tried instead on input line 193.

Overfull \vbox (15.07468pt too high) detected at line 193
 []


Overfull \hbox (2.11945pt too wide) has occurred while \output is active
[][] 
 []

[16

]
Overfull \hbox (2.11945pt too wide) in paragraph at lines 202--202
[][]  
 []


Overfull \hbox (2.11945pt too wide) has occurred while \output is active
[][] 
 []

[17

]
Overfull \hbox (2.11945pt too wide) in paragraph at lines 211--211
[][]  
 []

<figuras/saidaArq.png, id=2324, 519.44063pt x 145.29282pt>
File: figuras/saidaArq.png Graphic file (type png)
<use figuras/saidaArq.png>
Package pdftex.def Info: figuras/saidaArq.png  used on input line 211.
(pdftex.def)             Requested size: 307.28987pt x 85.95035pt.

Overfull \hbox (2.11945pt too wide) has occurred while \output is active
[][] 
 []

[18

 <./figuras/saidaArq.png>]
Overfull \hbox (2.11945pt too wide) in paragraph at lines 219--219
[][]  
 []

<figuras/saidaArq2.png, id=2448, 230.36063pt x 43.66313pt>
File: figuras/saidaArq2.png Graphic file (type png)
<use figuras/saidaArq2.png>
Package pdftex.def Info: figuras/saidaArq2.png  used on input line 219.
(pdftex.def)             Requested size: 307.28987pt x 58.24843pt.

Overfull \hbox (2.11945pt too wide) has occurred while \output is active
[][] 
 []

[19

 <./figuras/saidaArq2.png>]
Overfull \hbox (2.11945pt too wide) in paragraph at lines 227--227
[][]  
 []

<figuras/ArqRead0.png, id=2573, 1157.32375pt x 453.695pt>
File: figuras/ArqRead0.png Graphic file (type png)
<use figuras/ArqRead0.png>
Package pdftex.def Info: figuras/ArqRead0.png  used on input line 227.
(pdftex.def)             Requested size: 307.28987pt x 120.46397pt.

Overfull \hbox (2.11945pt too wide) has occurred while \output is active
[][] 
 []

[20

 <./figuras/ArqRead0.png>]
Overfull \hbox (2.11945pt too wide) in paragraph at lines 239--239
[][]  
 []

<figuras/ArqRead.png, id=2697, 362.10281pt x 243.91125pt>
File: figuras/ArqRead.png Graphic file (type png)
<use figuras/ArqRead.png>
Package pdftex.def Info: figuras/ArqRead.png  used on input line 239.
(pdftex.def)             Requested size: 153.64493pt x 103.49529pt.

Overfull \hbox (2.11945pt too wide) has occurred while \output is active
[][] 
 []

[21

 <./figuras/ArqRead.png>]
Overfull \hbox (2.11945pt too wide) in paragraph at lines 247--247
[][]  
 []

<figuras/ArqRead2.png, id=2821, 252.945pt x 50.43843pt>
File: figuras/ArqRead2.png Graphic file (type png)
<use figuras/ArqRead2.png>
Package pdftex.def Info: figuras/ArqRead2.png  used on input line 247.
(pdftex.def)             Requested size: 307.28987pt x 61.27618pt.

Overfull \hbox (2.11945pt too wide) has occurred while \output is active
[][] 
 []

[22

 <./figuras/ArqRead2.png>]
Overfull \hbox (2.11945pt too wide) in paragraph at lines 258--258
[][]  
 []

<figuras/ArqLeitura.png, id=2945, 331.2375pt x 94.10156pt>
File: figuras/ArqLeitura.png Graphic file (type png)
<use figuras/ArqLeitura.png>
Package pdftex.def Info: figuras/ArqLeitura.png  used on input line 258.
(pdftex.def)             Requested size: 307.28987pt x 87.30246pt.

Overfull \hbox (2.11945pt too wide) has occurred while \output is active
[][] 
 []

[23

 <./figuras/ArqLeitura.png>]
Overfull \hbox (2.11945pt too wide) in paragraph at lines 266--266
[][]  
 []

<figuras/ArqLeitura2.png, id=3069, 246.9225pt x 49.68562pt>
File: figuras/ArqLeitura2.png Graphic file (type png)
<use figuras/ArqLeitura2.png>
Package pdftex.def Info: figuras/ArqLeitura2.png  used on input line 266.
(pdftex.def)             Requested size: 307.28987pt x 61.83621pt.

Overfull \hbox (2.11945pt too wide) has occurred while \output is active
[][] 
 []

[24

 <./figuras/ArqLeitura2.png>]
Overfull \hbox (2.11945pt too wide) in paragraph at lines 275--275
[][]  
 []

<figuras/ArqForm1.png, id=3193, 147.55125pt x 63.23625pt>
File: figuras/ArqForm1.png Graphic file (type png)
<use figuras/ArqForm1.png>
Package pdftex.def Info: figuras/ArqForm1.png  used on input line 275.
(pdftex.def)             Requested size: 184.3758pt x 79.02pt.

Overfull \hbox (2.11945pt too wide) has occurred while \output is active
[][] 
 []

[25

 <./figuras/ArqForm1.png>]
Overfull \hbox (2.11945pt too wide) in paragraph at lines 285--285
[][]  
 []

<figuras/ArqForm2.png, id=3318, 395.22656pt x 231.11343pt>
File: figuras/ArqForm2.png Graphic file (type png)
<use figuras/ArqForm2.png>
Package pdftex.def Info: figuras/ArqForm2.png  used on input line 285.
(pdftex.def)             Requested size: 199.73653pt x 116.79776pt.
LaTeX Font Info:    Trying to load font information for TS1+cmss on input line 285.
(C:\Users\GEROG\AppData\Local\Programs\MiKTeX\tex/latex/base\ts1cmss.fd
File: ts1cmss.fd 2023/04/13 v2.5m Standard LaTeX font definitions
)
Overfull \hbox (2.11945pt too wide) has occurred while \output is active
[][] 
 []

[26

 <./figuras/ArqForm2.png>]
Overfull \hbox (2.11945pt too wide) in paragraph at lines 293--293
[][]  
 []

<figuras/ArqForm3.png, id=3443, 209.28188pt x 39.89906pt>
File: figuras/ArqForm3.png Graphic file (type png)
<use figuras/ArqForm3.png>
Package pdftex.def Info: figuras/ArqForm3.png  used on input line 293.
(pdftex.def)             Requested size: 230.46739pt x 43.93777pt.

Overfull \hbox (2.11945pt too wide) has occurred while \output is active
[][] 
 []

[27

 <./figuras/ArqForm3.png>]
Overfull \hbox (2.11945pt too wide) in paragraph at lines 302--302
[][]  
 []


Overfull \hbox (2.11945pt too wide) has occurred while \output is active
[][] 
 []

[28

]
Overfull \hbox (2.11945pt too wide) in paragraph at lines 310--310
[][]  
 []


Overfull \hbox (2.11945pt too wide) has occurred while \output is active
[][] 
 []

[29

]
Overfull \hbox (2.11945pt too wide) in paragraph at lines 318--318
[][]  
 []

<figuras/Cod1.png, id=3811, 244.66406pt x 122.70844pt>
File: figuras/Cod1.png Graphic file (type png)
<use figuras/Cod1.png>
Package pdftex.def Info: figuras/Cod1.png  used on input line 318.
(pdftex.def)             Requested size: 230.46739pt x 115.59122pt.

Overfull \hbox (2.11945pt too wide) has occurred while \output is active
[][] 
 []

[30

 <./figuras/Cod1.png>]
Overfull \hbox (2.11945pt too wide) in paragraph at lines 326--326
[][]  
 []

<figuras/Cod2.png, id=3935, 365.11406pt x 316.93407pt>
File: figuras/Cod2.png Graphic file (type png)
<use figuras/Cod2.png>
Package pdftex.def Info: figuras/Cod2.png  used on input line 326.
(pdftex.def)             Requested size: 153.64493pt x 133.3677pt.

Overfull \hbox (2.11945pt too wide) has occurred while \output is active
[][] 
 []

[31

 <./figuras/Cod2.png>]
Overfull \hbox (2.11945pt too wide) in paragraph at lines 334--334
[][]  
 []

<figuras/Cod3.png, id=4060, 393.72093pt x 332.74312pt>
File: figuras/Cod3.png Graphic file (type png)
<use figuras/Cod3.png>
Package pdftex.def Info: figuras/Cod3.png  used on input line 334.
(pdftex.def)             Requested size: 153.64493pt x 129.84544pt.

Overfull \hbox (2.11945pt too wide) has occurred while \output is active
[][] 
 []

[32

 <./figuras/Cod3.png>]
Overfull \hbox (2.11945pt too wide) in paragraph at lines 343--343
[][]  
 []

<figuras/Cod4.png, id=4184, 320.69812pt x 167.12437pt>
File: figuras/Cod4.png Graphic file (type png)
<use figuras/Cod4.png>
Package pdftex.def Info: figuras/Cod4.png  used on input line 343.
(pdftex.def)             Requested size: 276.559pt x 144.12451pt.

Overfull \hbox (2.11945pt too wide) has occurred while \output is active
[][] 
 []

[33

 <./figuras/Cod4.png>]
Overfull \hbox (2.11945pt too wide) in paragraph at lines 354--354
[][]  
 []


Overfull \hbox (2.11945pt too wide) has occurred while \output is active
[][] 
 []

[34

]
Overfull \hbox (2.11945pt too wide) in paragraph at lines 369--369
[][]  
 []


Overfull \hbox (2.11945pt too wide) has occurred while \output is active
[][] 
 []

[35

]
Overfull \hbox (2.11945pt too wide) in paragraph at lines 376--376
[][]  
 []

<figuras/bin.png, id=4552, 1157.32375pt x 453.695pt>
File: figuras/bin.png Graphic file (type png)
<use figuras/bin.png>
Package pdftex.def Info: figuras/bin.png  used on input line 376.
(pdftex.def)             Requested size: 307.28987pt x 120.46397pt.

Overfull \hbox (2.11945pt too wide) has occurred while \output is active
[][] 
 []

[36

 <./figuras/bin.png>]
Overfull \hbox (2.11945pt too wide) in paragraph at lines 407--407
[][]  
 []


Overfull \vbox (15.07468pt too high) detected at line 407
 []


Overfull \hbox (2.11945pt too wide) has occurred while \output is active
[][] 
 []

[37

]
Overfull \hbox (2.11945pt too wide) in paragraph at lines 416--416
[][]  
 []

<figuras/bin2.png, id=4800, 293.59688pt x 143.78719pt>
File: figuras/bin2.png Graphic file (type png)
<use figuras/bin2.png>
Package pdftex.def Info: figuras/bin2.png  used on input line 416.
(pdftex.def)             Requested size: 230.46739pt x 112.86879pt.

Overfull \hbox (2.11945pt too wide) has occurred while \output is active
[][] 
 []

[38

 <./figuras/bin2.png>]
Overfull \hbox (2.11945pt too wide) in paragraph at lines 423--423
[][]  
 []

<figuras/Declarabin.png, id=4924, 1769.61125pt x 563.10374pt>
File: figuras/Declarabin.png Graphic file (type png)
<use figuras/Declarabin.png>
Package pdftex.def Info: figuras/Declarabin.png  used on input line 423.
(pdftex.def)             Requested size: 307.28987pt x 97.7799pt.

Overfull \hbox (2.11945pt too wide) has occurred while \output is active
[][] 
 []

[39

 <./figuras/Declarabin.png>]
Overfull \hbox (2.11945pt too wide) in paragraph at lines 434--434
[][]  
 []

<figuras/binRegs.png, id=5048, 2292.565pt x 475.7775pt>
File: figuras/binRegs.png Graphic file (type png)
<use figuras/binRegs.png>
Package pdftex.def Info: figuras/binRegs.png  used on input line 434.
(pdftex.def)             Requested size: 230.46739pt x 47.82736pt.

Overfull \hbox (2.11945pt too wide) has occurred while \output is active
[][] 
 []

[40

 <./figuras/binRegs.png>]
Overfull \hbox (2.11945pt too wide) in paragraph at lines 443--443
[][]  
 []

<figuras/binWrite.png, id=5172, 325.215pt x 175.40532pt>
File: figuras/binWrite.png Graphic file (type png)
<use figuras/binWrite.png>
Package pdftex.def Info: figuras/binWrite.png  used on input line 443.
(pdftex.def)             Requested size: 230.46739pt x 124.30579pt.

! LaTeX Error: There's no line here to end.

See the LaTeX manual or LaTeX Companion for explanation.
Type  H <return>  for immediate help.
 ...                                              
                                                  
l.443 \end{frame}
                 
Your command was ignored.
Type  I <command> <return>  to replace it with another command,
or  <return>  to continue without it.


Overfull \hbox (2.11945pt too wide) has occurred while \output is active
[][] 
 []

[41

 <./figuras/binWrite.png>]
Overfull \hbox (2.11945pt too wide) in paragraph at lines 454--454
[][]  
 []

<figuras/movebin.png, id=5296, 1305.87875pt x 453.695pt>
File: figuras/movebin.png Graphic file (type png)
<use figuras/movebin.png>
Package pdftex.def Info: figuras/movebin.png  used on input line 454.
(pdftex.def)             Requested size: 307.28987pt x 106.75679pt.

Overfull \hbox (2.11945pt too wide) has occurred while \output is active
[][] 
 []

[42

 <./figuras/movebin.png>]
Overfull \hbox (2.11945pt too wide) in paragraph at lines 463--463
[][]  
 []


Overfull \hbox (2.11945pt too wide) has occurred while \output is active
[][] 
 []

[43

]
Overfull \hbox (2.11945pt too wide) in paragraph at lines 472--472
[][]  
 []

<figuras/movebin2.png, id=5543, 1066.98625pt x 410.53375pt>
File: figuras/movebin2.png Graphic file (type png)
<use figuras/movebin2.png>
Package pdftex.def Info: figuras/movebin2.png  used on input line 472.
(pdftex.def)             Requested size: 307.28987pt x 118.23112pt.

Overfull \hbox (2.11945pt too wide) has occurred while \output is active
[][] 
 []

[44

 <./figuras/movebin2.png>]
Overfull \hbox (2.11945pt too wide) in paragraph at lines 481--481
[][]  
 []

<figuras/movebin3.png, id=5667, 1059.96pt x 410.53375pt>
File: figuras/movebin3.png Graphic file (type png)
<use figuras/movebin3.png>
Package pdftex.def Info: figuras/movebin3.png  used on input line 481.
(pdftex.def)             Requested size: 307.28987pt x 119.01414pt.

Overfull \hbox (2.11945pt too wide) has occurred while \output is active
[][] 
 []

[45

 <./figuras/movebin3.png>]
Overfull \hbox (2.11945pt too wide) in paragraph at lines 490--490
[][]  
 []

<figuras/binRead.png, id=5791, 338.76563pt x 271.0125p